<?xml version="1.0" encoding="UTF-8"?><testrun name="3_AboutAnnotations" project="3_AboutAnnotations" tests="9" started="9" failures="6" errors="3" ignored="0">
  <testsuite name="com.droidbrew.javakoans.eagkoans.B_AboutAnnotationsForCompiler" time="0.019">
    <testcase name="b_____we_can_use_several_flags_in_suppress_warnings" classname="com.droidbrew.javakoans.eagkoans.B_AboutAnnotationsForCompiler" time="0.0">
      <error>java.lang.NullPointerException&#13;
	at com.droidbrew.javakoans.eagkoans.B_AboutAnnotationsForCompiler.b_____we_can_use_several_flags_in_suppress_warnings(B_AboutAnnotationsForCompiler.java:36)&#13;
	at sun.reflect.NativeMethodAccessorImpl.invoke0(Native Method)&#13;
	at sun.reflect.NativeMethodAccessorImpl.invoke(Unknown Source)&#13;
	at sun.reflect.DelegatingMethodAccessorImpl.invoke(Unknown Source)&#13;
	at java.lang.reflect.Method.invoke(Unknown Source)&#13;
	at org.junit.runners.model.FrameworkMethod$1.runReflectiveCall(FrameworkMethod.java:45)&#13;
	at org.junit.internal.runners.model.ReflectiveCallable.run(ReflectiveCallable.java:15)&#13;
	at org.junit.runners.model.FrameworkMethod.invokeExplosively(FrameworkMethod.java:42)&#13;
	at org.junit.internal.runners.statements.InvokeMethod.evaluate(InvokeMethod.java:20)&#13;
	at org.junit.runners.ParentRunner.runLeaf(ParentRunner.java:263)&#13;
	at org.junit.runners.BlockJUnit4ClassRunner.runChild(BlockJUnit4ClassRunner.java:68)&#13;
	at org.junit.runners.BlockJUnit4ClassRunner.runChild(BlockJUnit4ClassRunner.java:47)&#13;
	at org.junit.runners.ParentRunner$3.run(ParentRunner.java:231)&#13;
	at org.junit.runners.ParentRunner$1.schedule(ParentRunner.java:60)&#13;
	at org.junit.runners.ParentRunner.runChildren(ParentRunner.java:229)&#13;
	at org.junit.runners.ParentRunner.access$000(ParentRunner.java:50)&#13;
	at org.junit.runners.ParentRunner$2.evaluate(ParentRunner.java:222)&#13;
	at org.junit.runners.ParentRunner.run(ParentRunner.java:300)&#13;
	at org.eclipse.jdt.internal.junit4.runner.JUnit4TestReference.run(JUnit4TestReference.java:50)&#13;
	at org.eclipse.jdt.internal.junit.runner.TestExecution.run(TestExecution.java:38)&#13;
	at org.eclipse.jdt.internal.junit.runner.RemoteTestRunner.runTests(RemoteTestRunner.java:467)&#13;
	at org.eclipse.jdt.internal.junit.runner.RemoteTestRunner.runTests(RemoteTestRunner.java:683)&#13;
	at org.eclipse.jdt.internal.junit.runner.RemoteTestRunner.run(RemoteTestRunner.java:390)&#13;
	at org.eclipse.jdt.internal.junit.runner.RemoteTestRunner.main(RemoteTestRunner.java:197)&#13;
&#13;
</error>
    </testcase>
    <testcase name="c_____override_is_secured" classname="com.droidbrew.javakoans.eagkoans.B_AboutAnnotationsForCompiler" time="0.001">
      <failure>
        <expected>Howdy I'm stuppid pokemon</expected>
        <actual>com.droidbrew.javakoans.eagkoans.B_AboutAnnotationsForCompiler$Pokemon@7bacde15</actual>org.junit.ComparisonFailure: Do you catched why @Override is useful? expected:&lt;[Howdy I'm stuppid pokemon]&gt; but was:&lt;[com.droidbrew.javakoans.eagkoans.B_AboutAnnotationsForCompiler$Pokemon@7bacde15]&gt;&#13;
	at org.junit.Assert.assertEquals(Assert.java:125)&#13;
	at com.droidbrew.javakoans.eagkoans.B_AboutAnnotationsForCompiler.c_____override_is_secured(B_AboutAnnotationsForCompiler.java:50)&#13;
	at sun.reflect.NativeMethodAccessorImpl.invoke0(Native Method)&#13;
	at sun.reflect.NativeMethodAccessorImpl.invoke(Unknown Source)&#13;
	at sun.reflect.DelegatingMethodAccessorImpl.invoke(Unknown Source)&#13;
	at java.lang.reflect.Method.invoke(Unknown Source)&#13;
	at org.junit.runners.model.FrameworkMethod$1.runReflectiveCall(FrameworkMethod.java:45)&#13;
	at org.junit.internal.runners.model.ReflectiveCallable.run(ReflectiveCallable.java:15)&#13;
	at org.junit.runners.model.FrameworkMethod.invokeExplosively(FrameworkMethod.java:42)&#13;
	at org.junit.internal.runners.statements.InvokeMethod.evaluate(InvokeMethod.java:20)&#13;
	at org.junit.runners.ParentRunner.runLeaf(ParentRunner.java:263)&#13;
	at org.junit.runners.BlockJUnit4ClassRunner.runChild(BlockJUnit4ClassRunner.java:68)&#13;
	at org.junit.runners.BlockJUnit4ClassRunner.runChild(BlockJUnit4ClassRunner.java:47)&#13;
	at org.junit.runners.ParentRunner$3.run(ParentRunner.java:231)&#13;
	at org.junit.runners.ParentRunner$1.schedule(ParentRunner.java:60)&#13;
	at org.junit.runners.ParentRunner.runChildren(ParentRunner.java:229)&#13;
	at org.junit.runners.ParentRunner.access$000(ParentRunner.java:50)&#13;
	at org.junit.runners.ParentRunner$2.evaluate(ParentRunner.java:222)&#13;
	at org.junit.runners.ParentRunner.run(ParentRunner.java:300)&#13;
	at org.eclipse.jdt.internal.junit4.runner.JUnit4TestReference.run(JUnit4TestReference.java:50)&#13;
	at org.eclipse.jdt.internal.junit.runner.TestExecution.run(TestExecution.java:38)&#13;
	at org.eclipse.jdt.internal.junit.runner.RemoteTestRunner.runTests(RemoteTestRunner.java:467)&#13;
	at org.eclipse.jdt.internal.junit.runner.RemoteTestRunner.runTests(RemoteTestRunner.java:683)&#13;
	at org.eclipse.jdt.internal.junit.runner.RemoteTestRunner.run(RemoteTestRunner.java:390)&#13;
	at org.eclipse.jdt.internal.junit.runner.RemoteTestRunner.main(RemoteTestRunner.java:197)&#13;
&#13;
</failure>
    </testcase>
    <testcase name="a_____about_suppress_warnings" classname="com.droidbrew.javakoans.eagkoans.B_AboutAnnotationsForCompiler" time="0.0">
      <error>java.lang.NullPointerException&#13;
	at com.droidbrew.javakoans.eagkoans.B_AboutAnnotationsForCompiler$1.test(B_AboutAnnotationsForCompiler.java:26)&#13;
	at com.droidbrew.javakoans.eagkoans.B_AboutAnnotationsForCompiler.a_____about_suppress_warnings(B_AboutAnnotationsForCompiler.java:28)&#13;
	at sun.reflect.NativeMethodAccessorImpl.invoke0(Native Method)&#13;
	at sun.reflect.NativeMethodAccessorImpl.invoke(Unknown Source)&#13;
	at sun.reflect.DelegatingMethodAccessorImpl.invoke(Unknown Source)&#13;
	at java.lang.reflect.Method.invoke(Unknown Source)&#13;
	at org.junit.runners.model.FrameworkMethod$1.runReflectiveCall(FrameworkMethod.java:45)&#13;
	at org.junit.internal.runners.model.ReflectiveCallable.run(ReflectiveCallable.java:15)&#13;
	at org.junit.runners.model.FrameworkMethod.invokeExplosively(FrameworkMethod.java:42)&#13;
	at org.junit.internal.runners.statements.InvokeMethod.evaluate(InvokeMethod.java:20)&#13;
	at org.junit.runners.ParentRunner.runLeaf(ParentRunner.java:263)&#13;
	at org.junit.runners.BlockJUnit4ClassRunner.runChild(BlockJUnit4ClassRunner.java:68)&#13;
	at org.junit.runners.BlockJUnit4ClassRunner.runChild(BlockJUnit4ClassRunner.java:47)&#13;
	at org.junit.runners.ParentRunner$3.run(ParentRunner.java:231)&#13;
	at org.junit.runners.ParentRunner$1.schedule(ParentRunner.java:60)&#13;
	at org.junit.runners.ParentRunner.runChildren(ParentRunner.java:229)&#13;
	at org.junit.runners.ParentRunner.access$000(ParentRunner.java:50)&#13;
	at org.junit.runners.ParentRunner$2.evaluate(ParentRunner.java:222)&#13;
	at org.junit.runners.ParentRunner.run(ParentRunner.java:300)&#13;
	at org.eclipse.jdt.internal.junit4.runner.JUnit4TestReference.run(JUnit4TestReference.java:50)&#13;
	at org.eclipse.jdt.internal.junit.runner.TestExecution.run(TestExecution.java:38)&#13;
	at org.eclipse.jdt.internal.junit.runner.RemoteTestRunner.runTests(RemoteTestRunner.java:467)&#13;
	at org.eclipse.jdt.internal.junit.runner.RemoteTestRunner.runTests(RemoteTestRunner.java:683)&#13;
	at org.eclipse.jdt.internal.junit.runner.RemoteTestRunner.run(RemoteTestRunner.java:390)&#13;
	at org.eclipse.jdt.internal.junit.runner.RemoteTestRunner.main(RemoteTestRunner.java:197)&#13;
&#13;
</error>
    </testcase>
    <testcase name="d_____allows_painless_migrations" classname="com.droidbrew.javakoans.eagkoans.B_AboutAnnotationsForCompiler" time="0.018">
      <failure>
        <expected>fill me in</expected>
        <actual>consolidated</actual>org.junit.ComparisonFailure: It's still working for legacy client code expected:&lt;[fill me in]&gt; but was:&lt;[consolidated]&gt;&#13;
	at org.junit.Assert.assertEquals(Assert.java:125)&#13;
	at com.droidbrew.javakoans.eagkoans.B_AboutAnnotationsForCompiler.d_____allows_painless_migrations(B_AboutAnnotationsForCompiler.java:73)&#13;
	at sun.reflect.NativeMethodAccessorImpl.invoke0(Native Method)&#13;
	at sun.reflect.NativeMethodAccessorImpl.invoke(Unknown Source)&#13;
	at sun.reflect.DelegatingMethodAccessorImpl.invoke(Unknown Source)&#13;
	at java.lang.reflect.Method.invoke(Unknown Source)&#13;
	at org.junit.runners.model.FrameworkMethod$1.runReflectiveCall(FrameworkMethod.java:45)&#13;
	at org.junit.internal.runners.model.ReflectiveCallable.run(ReflectiveCallable.java:15)&#13;
	at org.junit.runners.model.FrameworkMethod.invokeExplosively(FrameworkMethod.java:42)&#13;
	at org.junit.internal.runners.statements.InvokeMethod.evaluate(InvokeMethod.java:20)&#13;
	at org.junit.runners.ParentRunner.runLeaf(ParentRunner.java:263)&#13;
	at org.junit.runners.BlockJUnit4ClassRunner.runChild(BlockJUnit4ClassRunner.java:68)&#13;
	at org.junit.runners.BlockJUnit4ClassRunner.runChild(BlockJUnit4ClassRunner.java:47)&#13;
	at org.junit.runners.ParentRunner$3.run(ParentRunner.java:231)&#13;
	at org.junit.runners.ParentRunner$1.schedule(ParentRunner.java:60)&#13;
	at org.junit.runners.ParentRunner.runChildren(ParentRunner.java:229)&#13;
	at org.junit.runners.ParentRunner.access$000(ParentRunner.java:50)&#13;
	at org.junit.runners.ParentRunner$2.evaluate(ParentRunner.java:222)&#13;
	at org.junit.runners.ParentRunner.run(ParentRunner.java:300)&#13;
	at org.eclipse.jdt.internal.junit4.runner.JUnit4TestReference.run(JUnit4TestReference.java:50)&#13;
	at org.eclipse.jdt.internal.junit.runner.TestExecution.run(TestExecution.java:38)&#13;
	at org.eclipse.jdt.internal.junit.runner.RemoteTestRunner.runTests(RemoteTestRunner.java:467)&#13;
	at org.eclipse.jdt.internal.junit.runner.RemoteTestRunner.runTests(RemoteTestRunner.java:683)&#13;
	at org.eclipse.jdt.internal.junit.runner.RemoteTestRunner.run(RemoteTestRunner.java:390)&#13;
	at org.eclipse.jdt.internal.junit.runner.RemoteTestRunner.main(RemoteTestRunner.java:197)&#13;
&#13;
</failure>
    </testcase>
  </testsuite>
  <testsuite name="com.droidbrew.javakoans.eagkoans.D_AboutIdiomaticNames" time="0.0">
    <testcase name="a____annotation_can_add_cross_aspects_to_names" classname="com.droidbrew.javakoans.eagkoans.D_AboutIdiomaticNames" time="0.0">
      <failure>
        <expected>fill me in</expected>
        <actual>CPUBrand,CPUModel,</actual>org.junit.ComparisonFailure: expected:&lt;[fill me in]&gt; but was:&lt;[CPUBrand,CPUModel,]&gt;&#13;
	at org.junit.Assert.assertEquals(Assert.java:125)&#13;
	at org.junit.Assert.assertEquals(Assert.java:147)&#13;
	at com.droidbrew.javakoans.eagkoans.D_AboutIdiomaticNames.a____annotation_can_add_cross_aspects_to_names(D_AboutIdiomaticNames.java:58)&#13;
	at sun.reflect.NativeMethodAccessorImpl.invoke0(Native Method)&#13;
	at sun.reflect.NativeMethodAccessorImpl.invoke(Unknown Source)&#13;
	at sun.reflect.DelegatingMethodAccessorImpl.invoke(Unknown Source)&#13;
	at java.lang.reflect.Method.invoke(Unknown Source)&#13;
	at org.junit.runners.model.FrameworkMethod$1.runReflectiveCall(FrameworkMethod.java:45)&#13;
	at org.junit.internal.runners.model.ReflectiveCallable.run(ReflectiveCallable.java:15)&#13;
	at org.junit.runners.model.FrameworkMethod.invokeExplosively(FrameworkMethod.java:42)&#13;
	at org.junit.internal.runners.statements.InvokeMethod.evaluate(InvokeMethod.java:20)&#13;
	at org.junit.runners.ParentRunner.runLeaf(ParentRunner.java:263)&#13;
	at org.junit.runners.BlockJUnit4ClassRunner.runChild(BlockJUnit4ClassRunner.java:68)&#13;
	at org.junit.runners.BlockJUnit4ClassRunner.runChild(BlockJUnit4ClassRunner.java:47)&#13;
	at org.junit.runners.ParentRunner$3.run(ParentRunner.java:231)&#13;
	at org.junit.runners.ParentRunner$1.schedule(ParentRunner.java:60)&#13;
	at org.junit.runners.ParentRunner.runChildren(ParentRunner.java:229)&#13;
	at org.junit.runners.ParentRunner.access$000(ParentRunner.java:50)&#13;
	at org.junit.runners.ParentRunner$2.evaluate(ParentRunner.java:222)&#13;
	at org.junit.runners.ParentRunner.run(ParentRunner.java:300)&#13;
	at org.eclipse.jdt.internal.junit4.runner.JUnit4TestReference.run(JUnit4TestReference.java:50)&#13;
	at org.eclipse.jdt.internal.junit.runner.TestExecution.run(TestExecution.java:38)&#13;
	at org.eclipse.jdt.internal.junit.runner.RemoteTestRunner.runTests(RemoteTestRunner.java:467)&#13;
	at org.eclipse.jdt.internal.junit.runner.RemoteTestRunner.runTests(RemoteTestRunner.java:683)&#13;
	at org.eclipse.jdt.internal.junit.runner.RemoteTestRunner.run(RemoteTestRunner.java:390)&#13;
	at org.eclipse.jdt.internal.junit.runner.RemoteTestRunner.main(RemoteTestRunner.java:197)&#13;
&#13;
</failure>
    </testcase>
  </testsuite>
  <testsuite name="com.droidbrew.javakoans.eagkoans.C_AboutCustomAnnotations" time="0.046">
    <testcase name="b_____annotation_can_get_parameters" classname="com.droidbrew.javakoans.eagkoans.C_AboutCustomAnnotations" time="0.026">
      <failure>java.lang.AssertionError: expected:&lt;fill me in&gt; but was:&lt;8&gt;&#13;
	at org.junit.Assert.fail(Assert.java:93)&#13;
	at org.junit.Assert.failNotEquals(Assert.java:647)&#13;
	at org.junit.Assert.assertEquals(Assert.java:128)&#13;
	at org.junit.Assert.assertEquals(Assert.java:147)&#13;
	at com.droidbrew.javakoans.eagkoans.C_AboutCustomAnnotations.b_____annotation_can_get_parameters(C_AboutCustomAnnotations.java:77)&#13;
	at sun.reflect.NativeMethodAccessorImpl.invoke0(Native Method)&#13;
	at sun.reflect.NativeMethodAccessorImpl.invoke(Unknown Source)&#13;
	at sun.reflect.DelegatingMethodAccessorImpl.invoke(Unknown Source)&#13;
	at java.lang.reflect.Method.invoke(Unknown Source)&#13;
	at org.junit.runners.model.FrameworkMethod$1.runReflectiveCall(FrameworkMethod.java:45)&#13;
	at org.junit.internal.runners.model.ReflectiveCallable.run(ReflectiveCallable.java:15)&#13;
	at org.junit.runners.model.FrameworkMethod.invokeExplosively(FrameworkMethod.java:42)&#13;
	at org.junit.internal.runners.statements.InvokeMethod.evaluate(InvokeMethod.java:20)&#13;
	at org.junit.runners.ParentRunner.runLeaf(ParentRunner.java:263)&#13;
	at org.junit.runners.BlockJUnit4ClassRunner.runChild(BlockJUnit4ClassRunner.java:68)&#13;
	at org.junit.runners.BlockJUnit4ClassRunner.runChild(BlockJUnit4ClassRunner.java:47)&#13;
	at org.junit.runners.ParentRunner$3.run(ParentRunner.java:231)&#13;
	at org.junit.runners.ParentRunner$1.schedule(ParentRunner.java:60)&#13;
	at org.junit.runners.ParentRunner.runChildren(ParentRunner.java:229)&#13;
	at org.junit.runners.ParentRunner.access$000(ParentRunner.java:50)&#13;
	at org.junit.runners.ParentRunner$2.evaluate(ParentRunner.java:222)&#13;
	at org.junit.runners.ParentRunner.run(ParentRunner.java:300)&#13;
	at org.eclipse.jdt.internal.junit4.runner.JUnit4TestReference.run(JUnit4TestReference.java:50)&#13;
	at org.eclipse.jdt.internal.junit.runner.TestExecution.run(TestExecution.java:38)&#13;
	at org.eclipse.jdt.internal.junit.runner.RemoteTestRunner.runTests(RemoteTestRunner.java:467)&#13;
	at org.eclipse.jdt.internal.junit.runner.RemoteTestRunner.runTests(RemoteTestRunner.java:683)&#13;
	at org.eclipse.jdt.internal.junit.runner.RemoteTestRunner.run(RemoteTestRunner.java:390)&#13;
	at org.eclipse.jdt.internal.junit.runner.RemoteTestRunner.main(RemoteTestRunner.java:197)&#13;
&#13;
</failure>
    </testcase>
    <testcase name="c_____annotation_can_inject_dependencies" classname="com.droidbrew.javakoans.eagkoans.C_AboutCustomAnnotations" time="0.003">
      <error>java.lang.NullPointerException&#13;
	at com.droidbrew.javakoans.eagkoans.Car.letsRock(C_AboutCustomAnnotations.java:53)&#13;
	at com.droidbrew.javakoans.eagkoans.C_AboutCustomAnnotations.c_____annotation_can_inject_dependencies(C_AboutCustomAnnotations.java:87)&#13;
	at sun.reflect.NativeMethodAccessorImpl.invoke0(Native Method)&#13;
	at sun.reflect.NativeMethodAccessorImpl.invoke(Unknown Source)&#13;
	at sun.reflect.DelegatingMethodAccessorImpl.invoke(Unknown Source)&#13;
	at java.lang.reflect.Method.invoke(Unknown Source)&#13;
	at org.junit.runners.model.FrameworkMethod$1.runReflectiveCall(FrameworkMethod.java:45)&#13;
	at org.junit.internal.runners.model.ReflectiveCallable.run(ReflectiveCallable.java:15)&#13;
	at org.junit.runners.model.FrameworkMethod.invokeExplosively(FrameworkMethod.java:42)&#13;
	at org.junit.internal.runners.statements.InvokeMethod.evaluate(InvokeMethod.java:20)&#13;
	at org.junit.runners.ParentRunner.runLeaf(ParentRunner.java:263)&#13;
	at org.junit.runners.BlockJUnit4ClassRunner.runChild(BlockJUnit4ClassRunner.java:68)&#13;
	at org.junit.runners.BlockJUnit4ClassRunner.runChild(BlockJUnit4ClassRunner.java:47)&#13;
	at org.junit.runners.ParentRunner$3.run(ParentRunner.java:231)&#13;
	at org.junit.runners.ParentRunner$1.schedule(ParentRunner.java:60)&#13;
	at org.junit.runners.ParentRunner.runChildren(ParentRunner.java:229)&#13;
	at org.junit.runners.ParentRunner.access$000(ParentRunner.java:50)&#13;
	at org.junit.runners.ParentRunner$2.evaluate(ParentRunner.java:222)&#13;
	at org.junit.runners.ParentRunner.run(ParentRunner.java:300)&#13;
	at org.eclipse.jdt.internal.junit4.runner.JUnit4TestReference.run(JUnit4TestReference.java:50)&#13;
	at org.eclipse.jdt.internal.junit.runner.TestExecution.run(TestExecution.java:38)&#13;
	at org.eclipse.jdt.internal.junit.runner.RemoteTestRunner.runTests(RemoteTestRunner.java:467)&#13;
	at org.eclipse.jdt.internal.junit.runner.RemoteTestRunner.runTests(RemoteTestRunner.java:683)&#13;
	at org.eclipse.jdt.internal.junit.runner.RemoteTestRunner.run(RemoteTestRunner.java:390)&#13;
	at org.eclipse.jdt.internal.junit.runner.RemoteTestRunner.main(RemoteTestRunner.java:197)&#13;
&#13;
</error>
    </testcase>
    <testcase name="a_____annotation_can_be_applied_by_reflection" classname="com.droidbrew.javakoans.eagkoans.C_AboutCustomAnnotations" time="0.016">
      <failure>java.lang.AssertionError: expected:&lt;fill me in&gt; but was:&lt;4&gt;&#13;
	at org.junit.Assert.fail(Assert.java:93)&#13;
	at org.junit.Assert.failNotEquals(Assert.java:647)&#13;
	at org.junit.Assert.assertEquals(Assert.java:128)&#13;
	at org.junit.Assert.assertEquals(Assert.java:147)&#13;
	at com.droidbrew.javakoans.eagkoans.C_AboutCustomAnnotations.a_____annotation_can_be_applied_by_reflection(C_AboutCustomAnnotations.java:67)&#13;
	at sun.reflect.NativeMethodAccessorImpl.invoke0(Native Method)&#13;
	at sun.reflect.NativeMethodAccessorImpl.invoke(Unknown Source)&#13;
	at sun.reflect.DelegatingMethodAccessorImpl.invoke(Unknown Source)&#13;
	at java.lang.reflect.Method.invoke(Unknown Source)&#13;
	at org.junit.runners.model.FrameworkMethod$1.runReflectiveCall(FrameworkMethod.java:45)&#13;
	at org.junit.internal.runners.model.ReflectiveCallable.run(ReflectiveCallable.java:15)&#13;
	at org.junit.runners.model.FrameworkMethod.invokeExplosively(FrameworkMethod.java:42)&#13;
	at org.junit.internal.runners.statements.InvokeMethod.evaluate(InvokeMethod.java:20)&#13;
	at org.junit.runners.ParentRunner.runLeaf(ParentRunner.java:263)&#13;
	at org.junit.runners.BlockJUnit4ClassRunner.runChild(BlockJUnit4ClassRunner.java:68)&#13;
	at org.junit.runners.BlockJUnit4ClassRunner.runChild(BlockJUnit4ClassRunner.java:47)&#13;
	at org.junit.runners.ParentRunner$3.run(ParentRunner.java:231)&#13;
	at org.junit.runners.ParentRunner$1.schedule(ParentRunner.java:60)&#13;
	at org.junit.runners.ParentRunner.runChildren(ParentRunner.java:229)&#13;
	at org.junit.runners.ParentRunner.access$000(ParentRunner.java:50)&#13;
	at org.junit.runners.ParentRunner$2.evaluate(ParentRunner.java:222)&#13;
	at org.junit.runners.ParentRunner.run(ParentRunner.java:300)&#13;
	at org.eclipse.jdt.internal.junit4.runner.JUnit4TestReference.run(JUnit4TestReference.java:50)&#13;
	at org.eclipse.jdt.internal.junit.runner.TestExecution.run(TestExecution.java:38)&#13;
	at org.eclipse.jdt.internal.junit.runner.RemoteTestRunner.runTests(RemoteTestRunner.java:467)&#13;
	at org.eclipse.jdt.internal.junit.runner.RemoteTestRunner.runTests(RemoteTestRunner.java:683)&#13;
	at org.eclipse.jdt.internal.junit.runner.RemoteTestRunner.run(RemoteTestRunner.java:390)&#13;
	at org.eclipse.jdt.internal.junit.runner.RemoteTestRunner.main(RemoteTestRunner.java:197)&#13;
&#13;
</failure>
    </testcase>
  </testsuite>
  <testsuite name="com.droidbrew.javakoans.eagkoans.A_AboutAnnotationsBasics" time="0.001">
    <testcase name="a_____in_the_very_basics_annotation_is_just_a_metadata_marker" classname="com.droidbrew.javakoans.eagkoans.A_AboutAnnotationsBasics" time="0.001">
      <failure>
        <expected>fill me in</expected>
        <actual>RedMagnet</actual>org.junit.ComparisonFailure: expected:&lt;[fill me in]&gt; but was:&lt;[RedMagnet]&gt;&#13;
	at org.junit.Assert.assertEquals(Assert.java:125)&#13;
	at org.junit.Assert.assertEquals(Assert.java:147)&#13;
	at com.droidbrew.javakoans.eagkoans.A_AboutAnnotationsBasics.a_____in_the_very_basics_annotation_is_just_a_metadata_marker(A_AboutAnnotationsBasics.java:27)&#13;
	at sun.reflect.NativeMethodAccessorImpl.invoke0(Native Method)&#13;
	at sun.reflect.NativeMethodAccessorImpl.invoke(Unknown Source)&#13;
	at sun.reflect.DelegatingMethodAccessorImpl.invoke(Unknown Source)&#13;
	at java.lang.reflect.Method.invoke(Unknown Source)&#13;
	at org.junit.runners.model.FrameworkMethod$1.runReflectiveCall(FrameworkMethod.java:45)&#13;
	at org.junit.internal.runners.model.ReflectiveCallable.run(ReflectiveCallable.java:15)&#13;
	at org.junit.runners.model.FrameworkMethod.invokeExplosively(FrameworkMethod.java:42)&#13;
	at org.junit.internal.runners.statements.InvokeMethod.evaluate(InvokeMethod.java:20)&#13;
	at org.junit.runners.ParentRunner.runLeaf(ParentRunner.java:263)&#13;
	at org.junit.runners.BlockJUnit4ClassRunner.runChild(BlockJUnit4ClassRunner.java:68)&#13;
	at org.junit.runners.BlockJUnit4ClassRunner.runChild(BlockJUnit4ClassRunner.java:47)&#13;
	at org.junit.runners.ParentRunner$3.run(ParentRunner.java:231)&#13;
	at org.junit.runners.ParentRunner$1.schedule(ParentRunner.java:60)&#13;
	at org.junit.runners.ParentRunner.runChildren(ParentRunner.java:229)&#13;
	at org.junit.runners.ParentRunner.access$000(ParentRunner.java:50)&#13;
	at org.junit.runners.ParentRunner$2.evaluate(ParentRunner.java:222)&#13;
	at org.junit.runners.ParentRunner.run(ParentRunner.java:300)&#13;
	at org.eclipse.jdt.internal.junit4.runner.JUnit4TestReference.run(JUnit4TestReference.java:50)&#13;
	at org.eclipse.jdt.internal.junit.runner.TestExecution.run(TestExecution.java:38)&#13;
	at org.eclipse.jdt.internal.junit.runner.RemoteTestRunner.runTests(RemoteTestRunner.java:467)&#13;
	at org.eclipse.jdt.internal.junit.runner.RemoteTestRunner.runTests(RemoteTestRunner.java:683)&#13;
	at org.eclipse.jdt.internal.junit.runner.RemoteTestRunner.run(RemoteTestRunner.java:390)&#13;
	at org.eclipse.jdt.internal.junit.runner.RemoteTestRunner.main(RemoteTestRunner.java:197)&#13;
&#13;
</failure>
    </testcase>
  </testsuite>
</testrun>
